
*** Running vivado
    with args -log design_1_selection_label_0_0.vds -m64 -product Vivado -mode batch -messageDb vivado.pb -notrace -source design_1_selection_label_0_0.tcl



****** Vivado v2025.1 (64-bit)
  **** SW Build 6140274 on Thu May 22 00:12:29 MDT 2025
  **** IP Build 6138677 on Thu May 22 03:10:11 MDT 2025
  **** SharedData Build 6139179 on Tue May 20 17:58:58 MDT 2025
  **** Start of session at: Mon Jul 28 03:16:15 2025
    ** Copyright 1986-2022 Xilinx, Inc. All Rights Reserved.
    ** Copyright 2022-2025 Advanced Micro Devices, Inc. All Rights Reserved.

source design_1_selection_label_0_0.tcl -notrace
create_project: Time (s): cpu = 00:00:09 ; elapsed = 00:00:06 . Memory (MB): peak = 656.258 ; gain = 205.500
INFO: [IP_Flow 19-234] Refreshing IP repositories
INFO: [IP_Flow 19-1700] Loaded user IP repository 'c:/Users/diego/OneDrive/Escritorio/trabajo_final/global_reset/global_reset.srcs'.
INFO: [IP_Flow 19-1700] Loaded user IP repository 'c:/Users/diego/OneDrive/Escritorio/trabajo_final/timer/timer.srcs'.
INFO: [IP_Flow 19-1700] Loaded user IP repository 'c:/Users/diego/OneDrive/Escritorio/trabajo_final/uart_tx/uart_tx.srcs'.
INFO: [IP_Flow 19-1700] Loaded user IP repository 'c:/Users/diego/OneDrive/Escritorio/trabajo_final/selection_label/selection_label.srcs'.
INFO: [IP_Flow 19-1700] Loaded user IP repository 'c:/Users/diego/OneDrive/Escritorio/trabajo_final/top_k_sort/top_k_sort.srcs'.
INFO: [IP_Flow 19-1700] Loaded user IP repository 'c:/Users/diego/OneDrive/Escritorio/trabajo_final/manhattan_distance/manhattan_distance.srcs'.
INFO: [IP_Flow 19-1700] Loaded user IP repository 'c:/Users/diego/OneDrive/Escritorio/trabajo_final/counter/counter.srcs'.
INFO: [IP_Flow 19-1700] Loaded user IP repository 'c:/Users/diego/OneDrive/Escritorio/trabajo_final/sample_packer/sample_packer.srcs'.
INFO: [IP_Flow 19-1700] Loaded user IP repository 'c:/Users/diego/OneDrive/Escritorio/trabajo_final/uart_packer/uart_packer.srcs'.
INFO: [IP_Flow 19-1700] Loaded user IP repository 'c:/Users/diego/OneDrive/Escritorio/trabajo_final/uart_rx/uart_rx.srcs'.
INFO: [IP_Flow 19-2313] Loaded Vivado IP repository 'C:/Xilinx/2025.1/Vivado/data/ip'.
WARNING: [IP_Flow 19-1663] Duplicate IP found for 'xilinx.com:user:uart_tx:1.0'. The one found in IP location 'c:/Users/diego/OneDrive/Escritorio/trabajo_final/uart_tx/uart_tx.srcs' will take precedence over the same IP in location c:/Users/diego/OneDrive/Escritorio/trabajo_final/uart_tx/uart_tx.srcs/sources_1
WARNING: [IP_Flow 19-1663] Duplicate IP found for 'xilinx.com:user:counter:1.0'. The one found in IP location 'c:/Users/diego/OneDrive/Escritorio/trabajo_final/counter/counter.srcs' will take precedence over the same IP in location c:/Users/diego/OneDrive/Escritorio/trabajo_final/counter/counter.srcs/sources_1
WARNING: [IP_Flow 19-1663] Duplicate IP found for 'xilinx.com:user:sample_packer:1.0'. The one found in IP location 'c:/Users/diego/OneDrive/Escritorio/trabajo_final/sample_packer/sample_packer.srcs' will take precedence over the same IP in location c:/Users/diego/OneDrive/Escritorio/trabajo_final/sample_packer/sample_packer.srcs/sources_1
Command: synth_design -top design_1_selection_label_0_0 -part xc7a100tcsg324-1 -incremental_mode off -mode out_of_context
Starting synth_design
Attempting to get a license for feature 'Synthesis' and/or device 'xc7a100t'
INFO: [Common 17-349] Got license for feature 'Synthesis' and/or device 'xc7a100t'
INFO: [Device 21-403] Loading part xc7a100tcsg324-1
INFO: [Synth 8-7079] Multithreading enabled for synth_design using a maximum of 2 processes.
INFO: [Synth 8-7078] Launching helper process for spawning children vivado processes
INFO: [Synth 8-7075] Helper process launched with PID 8904
---------------------------------------------------------------------------------
Starting RTL Elaboration : Time (s): cpu = 00:00:05 ; elapsed = 00:00:05 . Memory (MB): peak = 1368.652 ; gain = 493.883
---------------------------------------------------------------------------------
INFO: [Synth 8-6157] synthesizing module 'design_1_selection_label_0_0' [c:/Users/diego/OneDrive/Escritorio/tesis_de_mierda/tesis_de_mierda.gen/sources_1/bd/design_1/ip/design_1_selection_label_0_0/synth/design_1_selection_label_0_0.sv:53]
INFO: [Synth 8-6157] synthesizing module 'selection_label' [c:/Users/diego/OneDrive/Escritorio/tesis_de_mierda/tesis_de_mierda.gen/sources_1/bd/design_1/ipshared/0274/sources_1/new/selection_label.sv:27]
INFO: [Synth 8-6155] done synthesizing module 'selection_label' (0#1) [c:/Users/diego/OneDrive/Escritorio/tesis_de_mierda/tesis_de_mierda.gen/sources_1/bd/design_1/ipshared/0274/sources_1/new/selection_label.sv:27]
INFO: [Synth 8-6155] done synthesizing module 'design_1_selection_label_0_0' (0#1) [c:/Users/diego/OneDrive/Escritorio/tesis_de_mierda/tesis_de_mierda.gen/sources_1/bd/design_1/ip/design_1_selection_label_0_0/synth/design_1_selection_label_0_0.sv:53]
---------------------------------------------------------------------------------
Finished RTL Elaboration : Time (s): cpu = 00:00:06 ; elapsed = 00:00:07 . Memory (MB): peak = 1478.203 ; gain = 603.434
---------------------------------------------------------------------------------
---------------------------------------------------------------------------------
Start Handling Custom Attributes
---------------------------------------------------------------------------------
---------------------------------------------------------------------------------
Finished Handling Custom Attributes : Time (s): cpu = 00:00:06 ; elapsed = 00:00:07 . Memory (MB): peak = 1478.203 ; gain = 603.434
---------------------------------------------------------------------------------
---------------------------------------------------------------------------------
Finished RTL Optimization Phase 1 : Time (s): cpu = 00:00:06 ; elapsed = 00:00:07 . Memory (MB): peak = 1478.203 ; gain = 603.434
---------------------------------------------------------------------------------
Netlist sorting complete. Time (s): cpu = 00:00:00 ; elapsed = 00:00:00 . Memory (MB): peak = 1478.203 ; gain = 0.000
INFO: [Project 1-570] Preparing netlist for logic optimization

Processing XDC Constraints
Initializing timing engine
Completed Processing XDC Constraints

Netlist sorting complete. Time (s): cpu = 00:00:00 ; elapsed = 00:00:00 . Memory (MB): peak = 1559.586 ; gain = 0.000
INFO: [Project 1-111] Unisim Transformation Summary:
No Unisim elements were transformed.

Constraint Validation Runtime : Time (s): cpu = 00:00:00 ; elapsed = 00:00:00.020 . Memory (MB): peak = 1559.586 ; gain = 0.000
INFO: [Designutils 20-5008] Incremental synthesis strategy off
---------------------------------------------------------------------------------
Finished Constraint Validation : Time (s): cpu = 00:00:13 ; elapsed = 00:00:15 . Memory (MB): peak = 1559.586 ; gain = 684.816
---------------------------------------------------------------------------------
---------------------------------------------------------------------------------
Start Loading Part and Timing Information
---------------------------------------------------------------------------------
Loading part: xc7a100tcsg324-1
---------------------------------------------------------------------------------
Finished Loading Part and Timing Information : Time (s): cpu = 00:00:13 ; elapsed = 00:00:15 . Memory (MB): peak = 1559.586 ; gain = 684.816
---------------------------------------------------------------------------------
---------------------------------------------------------------------------------
Start Applying 'set_property' XDC Constraints
---------------------------------------------------------------------------------
---------------------------------------------------------------------------------
Finished applying 'set_property' XDC Constraints : Time (s): cpu = 00:00:13 ; elapsed = 00:00:15 . Memory (MB): peak = 1559.586 ; gain = 684.816
---------------------------------------------------------------------------------
---------------------------------------------------------------------------------
Finished RTL Optimization Phase 2 : Time (s): cpu = 00:00:14 ; elapsed = 00:00:15 . Memory (MB): peak = 1559.586 ; gain = 684.816
---------------------------------------------------------------------------------
---------------------------------------------------------------------------------
Start RTL Component Statistics 
---------------------------------------------------------------------------------
Detailed RTL Component Info : 
+---Adders : 
	   5 Input    3 Bit       Adders := 2     
+---Registers : 
	                1 Bit    Registers := 1     
---------------------------------------------------------------------------------
Finished RTL Component Statistics 
---------------------------------------------------------------------------------
---------------------------------------------------------------------------------
Start Part Resource Summary
---------------------------------------------------------------------------------
Part Resources:
DSPs: 240 (col length:80)
BRAMs: 270 (col length: RAMB18 80 RAMB36 40)
---------------------------------------------------------------------------------
Finished Part Resource Summary
---------------------------------------------------------------------------------
---------------------------------------------------------------------------------
Start Cross Boundary and Area Optimization
---------------------------------------------------------------------------------
WARNING: [Synth 8-7080] Parallel synthesis criteria is not met
---------------------------------------------------------------------------------
Finished Cross Boundary and Area Optimization : Time (s): cpu = 00:00:16 ; elapsed = 00:00:17 . Memory (MB): peak = 1559.586 ; gain = 684.816
---------------------------------------------------------------------------------
---------------------------------------------------------------------------------
Start Applying XDC Timing Constraints
---------------------------------------------------------------------------------
---------------------------------------------------------------------------------
Finished Applying XDC Timing Constraints : Time (s): cpu = 00:00:21 ; elapsed = 00:00:23 . Memory (MB): peak = 1670.395 ; gain = 795.625
---------------------------------------------------------------------------------
---------------------------------------------------------------------------------
Start Timing Optimization
---------------------------------------------------------------------------------
---------------------------------------------------------------------------------
Finished Timing Optimization : Time (s): cpu = 00:00:21 ; elapsed = 00:00:23 . Memory (MB): peak = 1670.395 ; gain = 795.625
---------------------------------------------------------------------------------
---------------------------------------------------------------------------------
Start Technology Mapping
---------------------------------------------------------------------------------
---------------------------------------------------------------------------------
Finished Technology Mapping : Time (s): cpu = 00:00:21 ; elapsed = 00:00:23 . Memory (MB): peak = 1679.938 ; gain = 805.168
---------------------------------------------------------------------------------
---------------------------------------------------------------------------------
Start IO Insertion
---------------------------------------------------------------------------------
---------------------------------------------------------------------------------
Start Flattening Before IO Insertion
---------------------------------------------------------------------------------
---------------------------------------------------------------------------------
Finished Flattening Before IO Insertion
---------------------------------------------------------------------------------
---------------------------------------------------------------------------------
Start Final Netlist Cleanup
---------------------------------------------------------------------------------
---------------------------------------------------------------------------------
Finished Final Netlist Cleanup
---------------------------------------------------------------------------------
---------------------------------------------------------------------------------
Finished IO Insertion : Time (s): cpu = 00:00:25 ; elapsed = 00:00:27 . Memory (MB): peak = 1915.266 ; gain = 1040.496
---------------------------------------------------------------------------------
---------------------------------------------------------------------------------
Start Renaming Generated Instances
---------------------------------------------------------------------------------
---------------------------------------------------------------------------------
Finished Renaming Generated Instances : Time (s): cpu = 00:00:25 ; elapsed = 00:00:27 . Memory (MB): peak = 1915.266 ; gain = 1040.496
---------------------------------------------------------------------------------
---------------------------------------------------------------------------------
Start Rebuilding User Hierarchy
---------------------------------------------------------------------------------
---------------------------------------------------------------------------------
Finished Rebuilding User Hierarchy : Time (s): cpu = 00:00:25 ; elapsed = 00:00:27 . Memory (MB): peak = 1915.266 ; gain = 1040.496
---------------------------------------------------------------------------------
---------------------------------------------------------------------------------
Start Renaming Generated Ports
---------------------------------------------------------------------------------
---------------------------------------------------------------------------------
Finished Renaming Generated Ports : Time (s): cpu = 00:00:25 ; elapsed = 00:00:27 . Memory (MB): peak = 1915.266 ; gain = 1040.496
---------------------------------------------------------------------------------
---------------------------------------------------------------------------------
Start Handling Custom Attributes
---------------------------------------------------------------------------------
---------------------------------------------------------------------------------
Finished Handling Custom Attributes : Time (s): cpu = 00:00:25 ; elapsed = 00:00:27 . Memory (MB): peak = 1915.266 ; gain = 1040.496
---------------------------------------------------------------------------------
---------------------------------------------------------------------------------
Start Renaming Generated Nets
---------------------------------------------------------------------------------
---------------------------------------------------------------------------------
Finished Renaming Generated Nets : Time (s): cpu = 00:00:25 ; elapsed = 00:00:27 . Memory (MB): peak = 1915.266 ; gain = 1040.496
---------------------------------------------------------------------------------
---------------------------------------------------------------------------------
Start Writing Synthesis Report
---------------------------------------------------------------------------------

Report BlackBoxes: 
+-+--------------+----------+
| |BlackBox name |Instances |
+-+--------------+----------+
+-+--------------+----------+

Report Cell Usage: 
+------+-----+------+
|      |Cell |Count |
+------+-----+------+
|1     |LUT2 |     2|
|2     |LUT6 |     1|
|3     |FDRE |     1|
+------+-----+------+
---------------------------------------------------------------------------------
Finished Writing Synthesis Report : Time (s): cpu = 00:00:25 ; elapsed = 00:00:27 . Memory (MB): peak = 1915.266 ; gain = 1040.496
---------------------------------------------------------------------------------
Synthesis finished with 0 errors, 0 critical warnings and 1 warnings.
Synthesis Optimization Runtime : Time (s): cpu = 00:00:17 ; elapsed = 00:00:25 . Memory (MB): peak = 1915.266 ; gain = 959.113
Synthesis Optimization Complete : Time (s): cpu = 00:00:25 ; elapsed = 00:00:27 . Memory (MB): peak = 1915.266 ; gain = 1040.496
INFO: [Project 1-571] Translating synthesized netlist
Netlist sorting complete. Time (s): cpu = 00:00:00 ; elapsed = 00:00:00 . Memory (MB): peak = 1915.266 ; gain = 0.000
INFO: [Project 1-570] Preparing netlist for logic optimization
INFO: [Opt 31-138] Pushed 0 inverter(s) to 0 load pin(s).
Netlist sorting complete. Time (s): cpu = 00:00:00 ; elapsed = 00:00:00 . Memory (MB): peak = 1918.781 ; gain = 0.000
INFO: [Project 1-111] Unisim Transformation Summary:
No Unisim elements were transformed.

Synth Design complete | Checksum: a2886f8b
INFO: [Common 17-83] Releasing license: Synthesis
29 Infos, 4 Warnings, 0 Critical Warnings and 0 Errors encountered.
synth_design completed successfully
synth_design: Time (s): cpu = 00:00:29 ; elapsed = 00:00:31 . Memory (MB): peak = 1918.781 ; gain = 1238.484
Write ShapeDB Complete: Time (s): cpu = 00:00:00 ; elapsed = 00:00:00 . Memory (MB): peak = 1918.781 ; gain = 0.000
INFO: [Common 17-1381] The checkpoint 'C:/Users/diego/OneDrive/Escritorio/tesis_de_mierda/tesis_de_mierda.runs/design_1_selection_label_0_0_synth_1/design_1_selection_label_0_0.dcp' has been generated.
INFO: [Coretcl 2-1648] Added synthesis output to IP cache for IP design_1_selection_label_0_0, cache-ID = 3705230f6845d1dc
Write ShapeDB Complete: Time (s): cpu = 00:00:00 ; elapsed = 00:00:00.001 . Memory (MB): peak = 1918.781 ; gain = 0.000
INFO: [Common 17-1381] The checkpoint 'C:/Users/diego/OneDrive/Escritorio/tesis_de_mierda/tesis_de_mierda.runs/design_1_selection_label_0_0_synth_1/design_1_selection_label_0_0.dcp' has been generated.
INFO: [Vivado 12-24828] Executing command : report_utilization -file design_1_selection_label_0_0_utilization_synth.rpt -pb design_1_selection_label_0_0_utilization_synth.pb
INFO: [Common 17-206] Exiting Vivado at Mon Jul 28 03:17:00 2025...
