
*** Running vivado
    with args -log design_1_wrapper.vdi -applog -m64 -product Vivado -messageDb vivado.pb -mode batch -source design_1_wrapper.tcl -notrace



****** Vivado v2025.1 (64-bit)
  **** SW Build 6140274 on Thu May 22 00:12:29 MDT 2025
  **** IP Build 6138677 on Thu May 22 03:10:11 MDT 2025
  **** SharedData Build 6139179 on Tue May 20 17:58:58 MDT 2025
  **** Start of session at: Tue Jul 29 00:26:48 2025
    ** Copyright 1986-2022 Xilinx, Inc. All Rights Reserved.
    ** Copyright 2022-2025 Advanced Micro Devices, Inc. All Rights Reserved.

source design_1_wrapper.tcl -notrace
INFO: [IP_Flow 19-234] Refreshing IP repositories
INFO: [IP_Flow 19-1700] Loaded user IP repository 'c:/Users/diego/OneDrive/Escritorio/trabajo_final/global_reset/global_reset.srcs'.
INFO: [IP_Flow 19-1700] Loaded user IP repository 'c:/Users/diego/OneDrive/Escritorio/trabajo_final/timer/timer.srcs'.
INFO: [IP_Flow 19-1700] Loaded user IP repository 'c:/Users/diego/OneDrive/Escritorio/trabajo_final/uart_tx/uart_tx.srcs'.
INFO: [IP_Flow 19-1700] Loaded user IP repository 'c:/Users/diego/OneDrive/Escritorio/trabajo_final/selection_label/selection_label.srcs'.
INFO: [IP_Flow 19-1700] Loaded user IP repository 'c:/Users/diego/OneDrive/Escritorio/trabajo_final/top_k_sort/top_k_sort.srcs'.
INFO: [IP_Flow 19-1700] Loaded user IP repository 'c:/Users/diego/OneDrive/Escritorio/trabajo_final/manhattan_distance/manhattan_distance.srcs'.
INFO: [IP_Flow 19-1700] Loaded user IP repository 'c:/Users/diego/OneDrive/Escritorio/trabajo_final/counter/counter.srcs'.
INFO: [IP_Flow 19-1700] Loaded user IP repository 'c:/Users/diego/OneDrive/Escritorio/trabajo_final/sample_packer/sample_packer.srcs'.
INFO: [IP_Flow 19-1700] Loaded user IP repository 'c:/Users/diego/OneDrive/Escritorio/trabajo_final/uart_packer/uart_packer.srcs'.
INFO: [IP_Flow 19-1700] Loaded user IP repository 'c:/Users/diego/OneDrive/Escritorio/trabajo_final/uart_rx/uart_rx.srcs'.
INFO: [IP_Flow 19-2313] Loaded Vivado IP repository 'C:/Xilinx/2025.1/Vivado/data/ip'.
WARNING: [IP_Flow 19-1663] Duplicate IP found for 'xilinx.com:user:uart_tx:1.0'. The one found in IP location 'c:/Users/diego/OneDrive/Escritorio/trabajo_final/uart_tx/uart_tx.srcs' will take precedence over the same IP in location c:/Users/diego/OneDrive/Escritorio/trabajo_final/uart_tx/uart_tx.srcs/sources_1
WARNING: [IP_Flow 19-1663] Duplicate IP found for 'xilinx.com:user:counter:1.0'. The one found in IP location 'c:/Users/diego/OneDrive/Escritorio/trabajo_final/counter/counter.srcs' will take precedence over the same IP in location c:/Users/diego/OneDrive/Escritorio/trabajo_final/counter/counter.srcs/sources_1
WARNING: [IP_Flow 19-1663] Duplicate IP found for 'xilinx.com:user:sample_packer:1.0'. The one found in IP location 'c:/Users/diego/OneDrive/Escritorio/trabajo_final/sample_packer/sample_packer.srcs' will take precedence over the same IP in location c:/Users/diego/OneDrive/Escritorio/trabajo_final/sample_packer/sample_packer.srcs/sources_1
Command: link_design -top design_1_wrapper -part xc7a100tcsg324-1
Design is defaulting to srcset: sources_1
Design is defaulting to constrset: constrs_1
INFO: [Device 21-403] Loading part xc7a100tcsg324-1
INFO: [Project 1-5699] Read binary netlist with skipMacroContent - 1
INFO: [Project 1-454] Reading design checkpoint 'c:/Users/diego/OneDrive/Escritorio/tesis_de_mierda/tesis_de_mierda.gen/sources_1/bd/design_1/ip/design_1_blk_mem_gen_0_2/design_1_blk_mem_gen_0_2.dcp' for cell 'design_1_i/brom_LABEL'
INFO: [Project 1-454] Reading design checkpoint 'c:/Users/diego/OneDrive/Escritorio/tesis_de_mierda/tesis_de_mierda.gen/sources_1/bd/design_1/ip/design_1_blk_mem_gen_0_1/design_1_blk_mem_gen_0_1.dcp' for cell 'design_1_i/brom_PRH'
INFO: [Project 1-454] Reading design checkpoint 'c:/Users/diego/OneDrive/Escritorio/tesis_de_mierda/tesis_de_mierda.gen/sources_1/bd/design_1/ip/design_1_blk_mem_gen_0_0/design_1_blk_mem_gen_0_0.dcp' for cell 'design_1_i/brom_PRL'
INFO: [Project 1-454] Reading design checkpoint 'c:/Users/diego/OneDrive/Escritorio/tesis_de_mierda/tesis_de_mierda.gen/sources_1/bd/design_1/ip/design_1_counter_0_0/design_1_counter_0_0.dcp' for cell 'design_1_i/counter'
INFO: [Project 1-454] Reading design checkpoint 'c:/Users/diego/OneDrive/Escritorio/tesis_de_mierda/tesis_de_mierda.gen/sources_1/bd/design_1/ip/design_1_proc_sys_reset_0_0/design_1_proc_sys_reset_0_0.dcp' for cell 'design_1_i/global_reset'
INFO: [Project 1-454] Reading design checkpoint 'c:/Users/diego/OneDrive/Escritorio/tesis_de_mierda/tesis_de_mierda.gen/sources_1/bd/design_1/ip/design_1_manhattan_distance_0_1/design_1_manhattan_distance_0_1.dcp' for cell 'design_1_i/manhattan_distance'
INFO: [Project 1-454] Reading design checkpoint 'c:/Users/diego/OneDrive/Escritorio/tesis_de_mierda/tesis_de_mierda.gen/sources_1/bd/design_1/ip/design_1_sample_packer_0_0/design_1_sample_packer_0_0.dcp' for cell 'design_1_i/sample_packer'
INFO: [Project 1-454] Reading design checkpoint 'c:/Users/diego/OneDrive/Escritorio/tesis_de_mierda/tesis_de_mierda.gen/sources_1/bd/design_1/ip/design_1_selection_label_0_0/design_1_selection_label_0_0.dcp' for cell 'design_1_i/selection_label'
INFO: [Project 1-454] Reading design checkpoint 'c:/Users/diego/OneDrive/Escritorio/tesis_de_mierda/tesis_de_mierda.gen/sources_1/bd/design_1/ip/design_1_timer_0_0/design_1_timer_0_0.dcp' for cell 'design_1_i/timer'
INFO: [Project 1-454] Reading design checkpoint 'c:/Users/diego/OneDrive/Escritorio/tesis_de_mierda/tesis_de_mierda.gen/sources_1/bd/design_1/ip/design_1_top_k_sort_0_0/design_1_top_k_sort_0_0.dcp' for cell 'design_1_i/top_k_sort'
INFO: [Project 1-454] Reading design checkpoint 'c:/Users/diego/OneDrive/Escritorio/tesis_de_mierda/tesis_de_mierda.gen/sources_1/bd/design_1/ip/design_1_uart_packer_0_0/design_1_uart_packer_0_0.dcp' for cell 'design_1_i/uart_packer'
INFO: [Project 1-454] Reading design checkpoint 'c:/Users/diego/OneDrive/Escritorio/tesis_de_mierda/tesis_de_mierda.gen/sources_1/bd/design_1/ip/design_1_uart_rx_0_0/design_1_uart_rx_0_0.dcp' for cell 'design_1_i/uart_rx'
INFO: [Project 1-454] Reading design checkpoint 'c:/Users/diego/OneDrive/Escritorio/tesis_de_mierda/tesis_de_mierda.gen/sources_1/bd/design_1/ip/design_1_uart_tx_0_0/design_1_uart_tx_0_0.dcp' for cell 'design_1_i/uart_tx'
Netlist sorting complete. Time (s): cpu = 00:00:00 ; elapsed = 00:00:00.007 . Memory (MB): peak = 904.062 ; gain = 0.000
INFO: [Netlist 29-17] Analyzing 31 Unisim elements for replacement
INFO: [Netlist 29-28] Unisim Transformation completed in 0 CPU seconds
INFO: [Project 1-479] Netlist was created with Vivado 2025.1
INFO: [Project 1-570] Preparing netlist for logic optimization
Parsing XDC File [c:/Users/diego/OneDrive/Escritorio/tesis_de_mierda/tesis_de_mierda.gen/sources_1/bd/design_1/ip/design_1_proc_sys_reset_0_0/design_1_proc_sys_reset_0_0_board.xdc] for cell 'design_1_i/global_reset/U0'
Finished Parsing XDC File [c:/Users/diego/OneDrive/Escritorio/tesis_de_mierda/tesis_de_mierda.gen/sources_1/bd/design_1/ip/design_1_proc_sys_reset_0_0/design_1_proc_sys_reset_0_0_board.xdc] for cell 'design_1_i/global_reset/U0'
Parsing XDC File [C:/Users/diego/OneDrive/Escritorio/tesis_de_mierda/tesis_de_mierda.srcs/constrs_1/new/texsis.xdc]
Finished Parsing XDC File [C:/Users/diego/OneDrive/Escritorio/tesis_de_mierda/tesis_de_mierda.srcs/constrs_1/new/texsis.xdc]
INFO: [Project 1-1714] 2 XPM XDC files have been applied to the design.
INFO: [Opt 31-138] Pushed 0 inverter(s) to 0 load pin(s).
Netlist sorting complete. Time (s): cpu = 00:00:00 ; elapsed = 00:00:00 . Memory (MB): peak = 1607.484 ; gain = 0.000
INFO: [Project 1-111] Unisim Transformation Summary:
No Unisim elements were transformed.

34 Infos, 3 Warnings, 0 Critical Warnings and 0 Errors encountered.
link_design completed successfully
link_design: Time (s): cpu = 00:00:08 ; elapsed = 00:00:09 . Memory (MB): peak = 1607.484 ; gain = 933.527
Command: opt_design
Attempting to get a license for feature 'Implementation' and/or device 'xc7a100t'
INFO: [Common 17-349] Got license for feature 'Implementation' and/or device 'xc7a100t'
Running DRC as a precondition to command opt_design

Starting DRC Task
INFO: [DRC 23-27] Running DRC with 2 threads
INFO: [Project 1-461] DRC finished with 0 Errors
INFO: [Project 1-462] Please refer to the DRC report (report_drc) for more information.

Time (s): cpu = 00:00:01 ; elapsed = 00:00:01 . Memory (MB): peak = 1607.484 ; gain = 0.000

Starting Cache Timing Information Task
INFO: [Timing 38-35] Done setting XDC timing constraints.
Ending Cache Timing Information Task | Checksum: 18a3839b6

Time (s): cpu = 00:00:01 ; elapsed = 00:00:00.025 . Memory (MB): peak = 1607.484 ; gain = 0.000

Starting Logic Optimization Task

Phase 1 Initialization

Phase 1.1 Core Generation And Design Setup
Phase 1.1 Core Generation And Design Setup | Checksum: 18a3839b6

Time (s): cpu = 00:00:00 ; elapsed = 00:00:00.002 . Memory (MB): peak = 2004.711 ; gain = 0.000

Phase 1.2 Setup Constraints And Sort Netlist
Phase 1.2 Setup Constraints And Sort Netlist | Checksum: 18a3839b6

Time (s): cpu = 00:00:00 ; elapsed = 00:00:00.004 . Memory (MB): peak = 2004.711 ; gain = 0.000
Phase 1 Initialization | Checksum: 18a3839b6

Time (s): cpu = 00:00:00 ; elapsed = 00:00:00.004 . Memory (MB): peak = 2004.711 ; gain = 0.000

Phase 2 Timer Update And Timing Data Collection

Phase 2.1 Timer Update
Phase 2.1 Timer Update | Checksum: 18a3839b6

Time (s): cpu = 00:00:00 ; elapsed = 00:00:00.021 . Memory (MB): peak = 2004.711 ; gain = 0.000

Phase 2.2 Timing Data Collection
Phase 2.2 Timing Data Collection | Checksum: 18a3839b6

Time (s): cpu = 00:00:00 ; elapsed = 00:00:00.030 . Memory (MB): peak = 2004.711 ; gain = 0.000
Phase 2 Timer Update And Timing Data Collection | Checksum: 18a3839b6

Time (s): cpu = 00:00:00 ; elapsed = 00:00:00.030 . Memory (MB): peak = 2004.711 ; gain = 0.000

Phase 3 Retarget
INFO: [Opt 31-1851] Number of loadless carry chains removed were: 0
INFO: [Opt 31-1834] Total Chains To Be Transformed Were: 0 AND Number of Transformed insts Created are: 0
INFO: [Opt 31-138] Pushed 0 inverter(s) to 0 load pin(s).
INFO: [Opt 31-49] Retargeted 0 cell(s).
Phase 3 Retarget | Checksum: 212508726

Time (s): cpu = 00:00:00 ; elapsed = 00:00:00.050 . Memory (MB): peak = 2004.711 ; gain = 0.000
Retarget | Checksum: 212508726
INFO: [Opt 31-389] Phase Retarget created 2 cells and removed 3 cells

Phase 4 Constant propagation
INFO: [Opt 31-138] Pushed 0 inverter(s) to 0 load pin(s).
Phase 4 Constant propagation | Checksum: 212508726

Time (s): cpu = 00:00:00 ; elapsed = 00:00:00.056 . Memory (MB): peak = 2004.711 ; gain = 0.000
Constant propagation | Checksum: 212508726
INFO: [Opt 31-389] Phase Constant propagation created 0 cells and removed 0 cells

Phase 5 Sweep
INFO: [Constraints 18-11670] Building netlist checker database with flags, 0x8
Done building netlist checker database: Time (s): cpu = 00:00:00 ; elapsed = 00:00:00 . Memory (MB): peak = 2004.711 ; gain = 0.000
INFO: [Constraints 18-11670] Building netlist checker database with flags, 0x8
Done building netlist checker database: Time (s): cpu = 00:00:00 ; elapsed = 00:00:00 . Memory (MB): peak = 2004.711 ; gain = 0.000
Phase 5 Sweep | Checksum: 18005c81d

Time (s): cpu = 00:00:00 ; elapsed = 00:00:00.073 . Memory (MB): peak = 2004.711 ; gain = 0.000
Sweep | Checksum: 18005c81d
INFO: [Opt 31-389] Phase Sweep created 0 cells and removed 16 cells

Phase 6 BUFG optimization
INFO: [Opt 31-194] Inserted BUFG clk_IBUF_BUFG_inst to drive 349 load(s) on clock net clk_IBUF_BUFG
INFO: [Opt 31-193] Inserted 1 BUFG(s) on clock nets
Phase 6 BUFG optimization | Checksum: 189b2d035

Time (s): cpu = 00:00:00 ; elapsed = 00:00:00.094 . Memory (MB): peak = 2004.711 ; gain = 0.000
BUFG optimization | Checksum: 189b2d035
INFO: [Opt 31-662] Phase BUFG optimization created 1 cells of which 1 are BUFGs and removed 0 cells.

Phase 7 Shift Register Optimization
INFO: [Opt 31-1064] SRL Remap converted 0 SRLs to 0 registers and converted 0 registers of register chains to 0 SRLs
Phase 7 Shift Register Optimization | Checksum: 189b2d035

Time (s): cpu = 00:00:00 ; elapsed = 00:00:00.096 . Memory (MB): peak = 2004.711 ; gain = 0.000
Shift Register Optimization | Checksum: 189b2d035
INFO: [Opt 31-389] Phase Shift Register Optimization created 0 cells and removed 0 cells

Phase 8 Post Processing Netlist
Phase 8 Post Processing Netlist | Checksum: 189b2d035

Time (s): cpu = 00:00:00 ; elapsed = 00:00:00.098 . Memory (MB): peak = 2004.711 ; gain = 0.000
Post Processing Netlist | Checksum: 189b2d035
INFO: [Opt 31-389] Phase Post Processing Netlist created 0 cells and removed 0 cells

Phase 9 Finalization

Phase 9.1 Finalizing Design Cores and Updating Shapes
Phase 9.1 Finalizing Design Cores and Updating Shapes | Checksum: 196cf0f0c

Time (s): cpu = 00:00:00 ; elapsed = 00:00:00.122 . Memory (MB): peak = 2004.711 ; gain = 0.000

Phase 9.2 Verifying Netlist Connectivity

Starting Connectivity Check Task

Time (s): cpu = 00:00:00 ; elapsed = 00:00:00.008 . Memory (MB): peak = 2004.711 ; gain = 0.000
Phase 9.2 Verifying Netlist Connectivity | Checksum: 196cf0f0c

Time (s): cpu = 00:00:00 ; elapsed = 00:00:00.131 . Memory (MB): peak = 2004.711 ; gain = 0.000
Phase 9 Finalization | Checksum: 196cf0f0c

Time (s): cpu = 00:00:00 ; elapsed = 00:00:00.131 . Memory (MB): peak = 2004.711 ; gain = 0.000
Opt_design Change Summary
=========================


-------------------------------------------------------------------------------------------------------------------------
|  Phase                        |  #Cells created  |  #Cells Removed  |  #Constrained objects preventing optimizations  |
-------------------------------------------------------------------------------------------------------------------------
|  Retarget                     |               2  |               3  |                                              0  |
|  Constant propagation         |               0  |               0  |                                              0  |
|  Sweep                        |               0  |              16  |                                              0  |
|  BUFG optimization            |               1  |               0  |                                              0  |
|  Shift Register Optimization  |               0  |               0  |                                              0  |
|  Post Processing Netlist      |               0  |               0  |                                              0  |
-------------------------------------------------------------------------------------------------------------------------


Ending Logic Optimization Task | Checksum: 196cf0f0c

Time (s): cpu = 00:00:00 ; elapsed = 00:00:00.133 . Memory (MB): peak = 2004.711 ; gain = 0.000

Starting Power Optimization Task
INFO: [Pwropt 34-132] Skipping clock gating for clocks with a period < 2.00 ns.
INFO: [Timing 38-35] Done setting XDC timing constraints.
INFO: [Pwropt 34-9] Applying IDT optimizations ...
Running Vector-less Activity Propagation...
INFO: [Pwropt 34-10] Applying ODC optimizations ...

Finished Running Vector-less Activity Propagation


Starting PowerOpt Patch Enables Task
INFO: [Pwropt 34-162] WRITE_MODE attribute of 0 BRAM(s) out of a total of 3 has been updated to save power. Run report_power_opt to get a complete listing of the BRAMs updated.
INFO: [Pwropt 34-201] Structural ODC has moved 0 WE to EN ports
Number of BRAM Ports augmented: 0 newly gated: 3 Total Ports: 6
Ending PowerOpt Patch Enables Task | Checksum: 16933bec1

Time (s): cpu = 00:00:00 ; elapsed = 00:00:00.021 . Memory (MB): peak = 2114.184 ; gain = 0.000
Ending Power Optimization Task | Checksum: 16933bec1

Time (s): cpu = 00:00:01 ; elapsed = 00:00:00.565 . Memory (MB): peak = 2114.184 ; gain = 109.473

Starting Final Cleanup Task
Ending Final Cleanup Task | Checksum: 16933bec1

Time (s): cpu = 00:00:00 ; elapsed = 00:00:00 . Memory (MB): peak = 2114.184 ; gain = 0.000

Starting Netlist Obfuscation Task
Netlist sorting complete. Time (s): cpu = 00:00:00 ; elapsed = 00:00:00.003 . Memory (MB): peak = 2114.184 ; gain = 0.000
Ending Netlist Obfuscation Task | Checksum: 1c2fdb886

Time (s): cpu = 00:00:00 ; elapsed = 00:00:00.003 . Memory (MB): peak = 2114.184 ; gain = 0.000
INFO: [Common 17-83] Releasing license: Implementation
62 Infos, 3 Warnings, 0 Critical Warnings and 0 Errors encountered.
opt_design completed successfully
INFO: [Vivado 12-24828] Executing command : report_drc -file design_1_wrapper_drc_opted.rpt -pb design_1_wrapper_drc_opted.pb -rpx design_1_wrapper_drc_opted.rpx
Command: report_drc -file design_1_wrapper_drc_opted.rpt -pb design_1_wrapper_drc_opted.pb -rpx design_1_wrapper_drc_opted.rpx
INFO: [IP_Flow 19-1839] IP Catalog is up to date.
INFO: [DRC 23-27] Running DRC with 2 threads
INFO: [Vivado_Tcl 2-168] The results of DRC are in file C:/Users/diego/OneDrive/Escritorio/tesis_de_mierda/tesis_de_mierda.runs/impl_1/design_1_wrapper_drc_opted.rpt.
report_drc completed successfully
INFO: [Timing 38-480] Writing timing data to binary archive.
Write ShapeDB Complete: Time (s): cpu = 00:00:00 ; elapsed = 00:00:00.003 . Memory (MB): peak = 2114.184 ; gain = 0.000
Wrote PlaceDB: Time (s): cpu = 00:00:00 ; elapsed = 00:00:00.001 . Memory (MB): peak = 2114.184 ; gain = 0.000
Wrote PulsedLatchDB: Time (s): cpu = 00:00:00 ; elapsed = 00:00:00 . Memory (MB): peak = 2114.184 ; gain = 0.000
Writing XDEF routing.
Writing XDEF routing logical nets.
Writing XDEF routing special nets.
Wrote RouteStorage: Time (s): cpu = 00:00:00 ; elapsed = 00:00:00.019 . Memory (MB): peak = 2114.184 ; gain = 0.000
Wrote Netlist Cache: Time (s): cpu = 00:00:00 ; elapsed = 00:00:00 . Memory (MB): peak = 2114.184 ; gain = 0.000
Wrote Device Cache: Time (s): cpu = 00:00:00 ; elapsed = 00:00:00.008 . Memory (MB): peak = 2114.184 ; gain = 0.000
Write Physdb Complete: Time (s): cpu = 00:00:00 ; elapsed = 00:00:00.034 . Memory (MB): peak = 2114.184 ; gain = 0.000
INFO: [Common 17-1381] The checkpoint 'C:/Users/diego/OneDrive/Escritorio/tesis_de_mierda/tesis_de_mierda.runs/impl_1/design_1_wrapper_opt.dcp' has been generated.
Command: place_design
Attempting to get a license for feature 'Implementation' and/or device 'xc7a100t'
INFO: [Common 17-349] Got license for feature 'Implementation' and/or device 'xc7a100t'
INFO: [Common 17-83] Releasing license: Implementation
INFO: [DRC 23-27] Running DRC with 2 threads
INFO: [Vivado_Tcl 4-198] DRC finished with 0 Errors
INFO: [Vivado_Tcl 4-199] Please refer to the DRC report (report_drc) for more information.
Running DRC as a precondition to command place_design
INFO: [DRC 23-27] Running DRC with 2 threads
INFO: [Vivado_Tcl 4-198] DRC finished with 0 Errors
INFO: [Vivado_Tcl 4-199] Please refer to the DRC report (report_drc) for more information.
INFO: [Place 30-611] Multithreading enabled for place_design using a maximum of 2 CPUs

Starting Placer Task

Phase 1 Placer Initialization

Phase 1.1 Placer Initialization Netlist Sorting
Netlist sorting complete. Time (s): cpu = 00:00:00 ; elapsed = 00:00:00.001 . Memory (MB): peak = 2114.184 ; gain = 0.000
Phase 1.1 Placer Initialization Netlist Sorting | Checksum: 162e1c628

Time (s): cpu = 00:00:00 ; elapsed = 00:00:00.007 . Memory (MB): peak = 2114.184 ; gain = 0.000
Netlist sorting complete. Time (s): cpu = 00:00:00 ; elapsed = 00:00:00 . Memory (MB): peak = 2114.184 ; gain = 0.000

Phase 1.2 IO Placement/ Clock Placement/ Build Placer Device
INFO: [Timing 38-35] Done setting XDC timing constraints.
Phase 1.2 IO Placement/ Clock Placement/ Build Placer Device | Checksum: f65b4626

Time (s): cpu = 00:00:01 ; elapsed = 00:00:00.292 . Memory (MB): peak = 2114.184 ; gain = 0.000

Phase 1.3 Build Placer Netlist Model
Phase 1.3 Build Placer Netlist Model | Checksum: 1813a7eb0

Time (s): cpu = 00:00:01 ; elapsed = 00:00:00.524 . Memory (MB): peak = 2114.184 ; gain = 0.000

Phase 1.4 Constrain Clocks/Macros
Phase 1.4 Constrain Clocks/Macros | Checksum: 1813a7eb0

Time (s): cpu = 00:00:01 ; elapsed = 00:00:00.530 . Memory (MB): peak = 2114.184 ; gain = 0.000
Phase 1 Placer Initialization | Checksum: 1813a7eb0

Time (s): cpu = 00:00:01 ; elapsed = 00:00:00.547 . Memory (MB): peak = 2114.184 ; gain = 0.000

Phase 2 Global Placement

Phase 2.1 Floorplanning
Phase 2.1 Floorplanning | Checksum: 131c3fe50

Time (s): cpu = 00:00:01 ; elapsed = 00:00:00.613 . Memory (MB): peak = 2114.184 ; gain = 0.000

Phase 2.2 Update Timing before SLR Path Opt
Phase 2.2 Update Timing before SLR Path Opt | Checksum: 192dfdf05

Time (s): cpu = 00:00:01 ; elapsed = 00:00:00.651 . Memory (MB): peak = 2114.184 ; gain = 0.000

Phase 2.3 Post-Processing in Floorplanning
Phase 2.3 Post-Processing in Floorplanning | Checksum: 192dfdf05

Time (s): cpu = 00:00:01 ; elapsed = 00:00:00.653 . Memory (MB): peak = 2114.184 ; gain = 0.000

Phase 2.4 Global Place Phase1
Phase 2.4 Global Place Phase1 | Checksum: 13f42351a

Time (s): cpu = 00:00:02 ; elapsed = 00:00:01 . Memory (MB): peak = 2114.184 ; gain = 0.000

Phase 2.5 Global Place Phase2

Phase 2.5.1 UpdateTiming Before Physical Synthesis
Phase 2.5.1 UpdateTiming Before Physical Synthesis | Checksum: 13f42351a

Time (s): cpu = 00:00:02 ; elapsed = 00:00:01 . Memory (MB): peak = 2114.184 ; gain = 0.000

Phase 2.5.2 Physical Synthesis In Placer
INFO: [Physopt 32-1035] Found 0 LUTNM shape to break, 14 LUT instances to create LUTNM shape
INFO: [Physopt 32-1044] Break lutnm for timing: one critical 0, two critical 0, total 0, new lutff created 0
INFO: [Physopt 32-1138] End 1 Pass. Optimized 6 nets or LUTs. Breaked 0 LUT, combined 6 existing LUTs and moved 0 existing LUT
INFO: [Physopt 32-65] No nets found for high-fanout optimization.
INFO: [Physopt 32-232] Optimized 0 net. Created 0 new instance.
INFO: [Physopt 32-775] End 1 Pass. Optimized 0 net or cell. Created 0 new cell, deleted 0 existing cell and moved 0 existing cell
INFO: [Physopt 32-670] No setup violation found.  DSP Register Optimization was not performed.
INFO: [Physopt 32-670] No setup violation found.  Shift Register to Pipeline Optimization was not performed.
INFO: [Physopt 32-670] No setup violation found.  Shift Register Optimization was not performed.
INFO: [Physopt 32-670] No setup violation found.  BRAM Register Optimization was not performed.
INFO: [Physopt 32-670] No setup violation found.  URAM Register Optimization was not performed.
INFO: [Physopt 32-949] No candidate nets found for dynamic/static region interface net replication
INFO: [Physopt 32-775] End 1 Pass. Optimized 0 net or cell. Created 0 new cell, deleted 0 existing cell and moved 0 existing cell
Netlist sorting complete. Time (s): cpu = 00:00:00 ; elapsed = 00:00:00.001 . Memory (MB): peak = 2114.184 ; gain = 0.000

Summary of Physical Synthesis Optimizations
============================================


-----------------------------------------------------------------------------------------------------------------------------------------------------------
|  Optimization                                     |  Added Cells  |  Removed Cells  |  Optimized Cells/Nets  |  Dont Touch  |  Iterations  |  Elapsed   |
-----------------------------------------------------------------------------------------------------------------------------------------------------------
|  LUT Combining                                    |            0  |              6  |                     6  |           0  |           1  |  00:00:00  |
|  Retime                                           |            0  |              0  |                     0  |           0  |           1  |  00:00:00  |
|  Very High Fanout                                 |            0  |              0  |                     0  |           0  |           1  |  00:00:00  |
|  DSP Register                                     |            0  |              0  |                     0  |           0  |           0  |  00:00:00  |
|  Shift Register to Pipeline                       |            0  |              0  |                     0  |           0  |           0  |  00:00:00  |
|  Shift Register                                   |            0  |              0  |                     0  |           0  |           0  |  00:00:00  |
|  BRAM Register                                    |            0  |              0  |                     0  |           0  |           0  |  00:00:00  |
|  URAM Register                                    |            0  |              0  |                     0  |           0  |           0  |  00:00:00  |
|  Dynamic/Static Region Interface Net Replication  |            0  |              0  |                     0  |           0  |           1  |  00:00:00  |
|  Total                                            |            0  |              6  |                     6  |           0  |           4  |  00:00:00  |
-----------------------------------------------------------------------------------------------------------------------------------------------------------


Phase 2.5.2 Physical Synthesis In Placer | Checksum: 20ff7b457

Time (s): cpu = 00:00:02 ; elapsed = 00:00:01 . Memory (MB): peak = 2114.184 ; gain = 0.000
Phase 2.5 Global Place Phase2 | Checksum: 1e94a5a5f

Time (s): cpu = 00:00:02 ; elapsed = 00:00:02 . Memory (MB): peak = 2114.184 ; gain = 0.000
Phase 2 Global Placement | Checksum: 1e94a5a5f

Time (s): cpu = 00:00:02 ; elapsed = 00:00:02 . Memory (MB): peak = 2114.184 ; gain = 0.000

Phase 3 Detail Placement

Phase 3.1 Commit Multi Column Macros
Phase 3.1 Commit Multi Column Macros | Checksum: 21ed00e9e

Time (s): cpu = 00:00:02 ; elapsed = 00:00:02 . Memory (MB): peak = 2114.184 ; gain = 0.000

Phase 3.2 Commit Most Macros & LUTRAMs
Phase 3.2 Commit Most Macros & LUTRAMs | Checksum: 247b406e8

Time (s): cpu = 00:00:02 ; elapsed = 00:00:02 . Memory (MB): peak = 2114.184 ; gain = 0.000

Phase 3.3 Area Swap Optimization
Phase 3.3 Area Swap Optimization | Checksum: 1b871b5fe

Time (s): cpu = 00:00:02 ; elapsed = 00:00:02 . Memory (MB): peak = 2114.184 ; gain = 0.000

Phase 3.4 Pipeline Register Optimization
Phase 3.4 Pipeline Register Optimization | Checksum: 22e8bc2fb

Time (s): cpu = 00:00:02 ; elapsed = 00:00:02 . Memory (MB): peak = 2114.184 ; gain = 0.000

Phase 3.5 Small Shape Detail Placement
Phase 3.5 Small Shape Detail Placement | Checksum: 1598e8a22

Time (s): cpu = 00:00:02 ; elapsed = 00:00:02 . Memory (MB): peak = 2114.184 ; gain = 0.000

Phase 3.6 Re-assign LUT pins
Phase 3.6 Re-assign LUT pins | Checksum: 1c160b1f1

Time (s): cpu = 00:00:03 ; elapsed = 00:00:02 . Memory (MB): peak = 2114.184 ; gain = 0.000

Phase 3.7 Pipeline Register Optimization
Phase 3.7 Pipeline Register Optimization | Checksum: 247ba7ef6

Time (s): cpu = 00:00:03 ; elapsed = 00:00:02 . Memory (MB): peak = 2114.184 ; gain = 0.000
Phase 3 Detail Placement | Checksum: 247ba7ef6

Time (s): cpu = 00:00:03 ; elapsed = 00:00:02 . Memory (MB): peak = 2114.184 ; gain = 0.000

Phase 4 Post Placement Optimization and Clean-Up

Phase 4.1 Post Commit Optimization
INFO: [Timing 38-35] Done setting XDC timing constraints.

Phase 4.1.1 Post Placement Optimization
Post Placement Optimization Initialization | Checksum: 1dd51f864

Phase 4.1.1.1 BUFG Insertion

Starting Physical Synthesis Task

Phase 1 Physical Synthesis Initialization
INFO: [Physopt 32-721] Multithreading enabled for phys_opt_design using a maximum of 2 CPUs
INFO: [Physopt 32-619] Estimated Timing Summary | WNS=1.537 | TNS=0.000 |
Phase 1 Physical Synthesis Initialization | Checksum: f385bec0

Time (s): cpu = 00:00:00 ; elapsed = 00:00:00.034 . Memory (MB): peak = 2114.184 ; gain = 0.000
INFO: [Place 46-56] BUFG insertion identified 0 candidate nets. Inserted BUFG: 0, Replicated BUFG Driver: 0, Skipped due to Placement/Routing Conflicts: 0, Skipped due to Timing Degradation: 0, Skipped due to netlist editing failed: 0.
Ending Physical Synthesis Task | Checksum: 1b5f3abef

Time (s): cpu = 00:00:00 ; elapsed = 00:00:00.040 . Memory (MB): peak = 2114.184 ; gain = 0.000
Phase 4.1.1.1 BUFG Insertion | Checksum: 1dd51f864

Time (s): cpu = 00:00:03 ; elapsed = 00:00:02 . Memory (MB): peak = 2114.184 ; gain = 0.000

Phase 4.1.1.2 Post Placement Timing Optimization
INFO: [Place 30-746] Post Placement Timing Summary WNS=1.537. For the most accurate timing information please run report_timing.
Phase 4.1.1.2 Post Placement Timing Optimization | Checksum: 2326c0ce4

Time (s): cpu = 00:00:03 ; elapsed = 00:00:02 . Memory (MB): peak = 2114.184 ; gain = 0.000

Time (s): cpu = 00:00:03 ; elapsed = 00:00:02 . Memory (MB): peak = 2114.184 ; gain = 0.000
Phase 4.1 Post Commit Optimization | Checksum: 2326c0ce4

Time (s): cpu = 00:00:03 ; elapsed = 00:00:02 . Memory (MB): peak = 2114.184 ; gain = 0.000

Phase 4.2 Post Placement Cleanup
Phase 4.2 Post Placement Cleanup | Checksum: 2326c0ce4

Time (s): cpu = 00:00:03 ; elapsed = 00:00:02 . Memory (MB): peak = 2114.184 ; gain = 0.000

Phase 4.3 Placer Reporting

Phase 4.3.1 Print Estimated Congestion
INFO: [Place 30-612] Post-Placement Estimated Congestion 
 ____________________________________________________
|           | Global Congestion | Short Congestion  |
| Direction | Region Size       | Region Size       |
|___________|___________________|___________________|
|      North|                1x1|                1x1|
|___________|___________________|___________________|
|      South|                1x1|                1x1|
|___________|___________________|___________________|
|       East|                1x1|                1x1|
|___________|___________________|___________________|
|       West|                1x1|                1x1|
|___________|___________________|___________________|

Phase 4.3.1 Print Estimated Congestion | Checksum: 2326c0ce4

Time (s): cpu = 00:00:03 ; elapsed = 00:00:02 . Memory (MB): peak = 2114.184 ; gain = 0.000
Phase 4.3 Placer Reporting | Checksum: 2326c0ce4

Time (s): cpu = 00:00:03 ; elapsed = 00:00:02 . Memory (MB): peak = 2114.184 ; gain = 0.000

Phase 4.4 Final Placement Cleanup
Netlist sorting complete. Time (s): cpu = 00:00:00 ; elapsed = 00:00:00.001 . Memory (MB): peak = 2114.184 ; gain = 0.000

Time (s): cpu = 00:00:03 ; elapsed = 00:00:02 . Memory (MB): peak = 2114.184 ; gain = 0.000
Phase 4 Post Placement Optimization and Clean-Up | Checksum: 254130fae

Time (s): cpu = 00:00:03 ; elapsed = 00:00:02 . Memory (MB): peak = 2114.184 ; gain = 0.000
Ending Placer Task | Checksum: 1777ebc5b

Time (s): cpu = 00:00:03 ; elapsed = 00:00:02 . Memory (MB): peak = 2114.184 ; gain = 0.000
97 Infos, 3 Warnings, 0 Critical Warnings and 0 Errors encountered.
place_design completed successfully
INFO: [Vivado 12-24838] Running report commands "report_control_sets, report_io, report_utilization" in parallel.
Running report generation with 2 threads.
INFO: [Vivado 12-24828] Executing command : report_utilization -file design_1_wrapper_utilization_placed.rpt -pb design_1_wrapper_utilization_placed.pb
INFO: [Vivado 12-24828] Executing command : report_control_sets -verbose -file design_1_wrapper_control_sets_placed.rpt
report_control_sets: Time (s): cpu = 00:00:00 ; elapsed = 00:00:00.004 . Memory (MB): peak = 2114.184 ; gain = 0.000
INFO: [Vivado 12-24828] Executing command : report_io -file design_1_wrapper_io_placed.rpt
report_io: Time (s): cpu = 00:00:00 ; elapsed = 00:00:00.043 . Memory (MB): peak = 2114.184 ; gain = 0.000
INFO: [Timing 38-480] Writing timing data to binary archive.
Write ShapeDB Complete: Time (s): cpu = 00:00:00 ; elapsed = 00:00:00.003 . Memory (MB): peak = 2114.184 ; gain = 0.000
Wrote PlaceDB: Time (s): cpu = 00:00:00 ; elapsed = 00:00:00.044 . Memory (MB): peak = 2114.184 ; gain = 0.000
Wrote PulsedLatchDB: Time (s): cpu = 00:00:00 ; elapsed = 00:00:00 . Memory (MB): peak = 2114.184 ; gain = 0.000
Writing XDEF routing.
Writing XDEF routing logical nets.
Writing XDEF routing special nets.
Wrote RouteStorage: Time (s): cpu = 00:00:00 ; elapsed = 00:00:00.016 . Memory (MB): peak = 2114.184 ; gain = 0.000
Wrote Netlist Cache: Time (s): cpu = 00:00:00 ; elapsed = 00:00:00.001 . Memory (MB): peak = 2114.184 ; gain = 0.000
Wrote Device Cache: Time (s): cpu = 00:00:00 ; elapsed = 00:00:00.007 . Memory (MB): peak = 2114.184 ; gain = 0.000
Write Physdb Complete: Time (s): cpu = 00:00:00 ; elapsed = 00:00:00.076 . Memory (MB): peak = 2114.184 ; gain = 0.000
INFO: [Common 17-1381] The checkpoint 'C:/Users/diego/OneDrive/Escritorio/tesis_de_mierda/tesis_de_mierda.runs/impl_1/design_1_wrapper_placed.dcp' has been generated.
Command: phys_opt_design
Attempting to get a license for feature 'Implementation' and/or device 'xc7a100t'
INFO: [Common 17-349] Got license for feature 'Implementation' and/or device 'xc7a100t'

Starting Initial Update Timing Task

Time (s): cpu = 00:00:01 ; elapsed = 00:00:00.075 . Memory (MB): peak = 2114.184 ; gain = 0.000
INFO: [Vivado_Tcl 4-2279] Estimated Timing Summary | WNS= 1.537 | TNS= 0.000 | 
INFO: [Vivado_Tcl 4-383] Design worst setup slack (WNS) is greater than or equal to 0.000 ns. All physical synthesis setup optimizations will be skipped.
INFO: [Vivado_Tcl 4-232] No setup violation found. The netlist was not modified.
INFO: [Common 17-83] Releasing license: Implementation
108 Infos, 3 Warnings, 0 Critical Warnings and 0 Errors encountered.
phys_opt_design completed successfully
INFO: [Timing 38-480] Writing timing data to binary archive.
Write ShapeDB Complete: Time (s): cpu = 00:00:00 ; elapsed = 00:00:00.003 . Memory (MB): peak = 2114.184 ; gain = 0.000
Wrote PlaceDB: Time (s): cpu = 00:00:00 ; elapsed = 00:00:00.044 . Memory (MB): peak = 2114.184 ; gain = 0.000
Wrote PulsedLatchDB: Time (s): cpu = 00:00:00 ; elapsed = 00:00:00 . Memory (MB): peak = 2114.184 ; gain = 0.000
Writing XDEF routing.
Writing XDEF routing logical nets.
Writing XDEF routing special nets.
Wrote RouteStorage: Time (s): cpu = 00:00:00 ; elapsed = 00:00:00.017 . Memory (MB): peak = 2114.184 ; gain = 0.000
Wrote Netlist Cache: Time (s): cpu = 00:00:00 ; elapsed = 00:00:00.001 . Memory (MB): peak = 2114.184 ; gain = 0.000
Wrote Device Cache: Time (s): cpu = 00:00:00 ; elapsed = 00:00:00.008 . Memory (MB): peak = 2114.184 ; gain = 0.000
Write Physdb Complete: Time (s): cpu = 00:00:00 ; elapsed = 00:00:00.077 . Memory (MB): peak = 2114.184 ; gain = 0.000
INFO: [Common 17-1381] The checkpoint 'C:/Users/diego/OneDrive/Escritorio/tesis_de_mierda/tesis_de_mierda.runs/impl_1/design_1_wrapper_physopt.dcp' has been generated.
Command: route_design
Attempting to get a license for feature 'Implementation' and/or device 'xc7a100t'
INFO: [Common 17-349] Got license for feature 'Implementation' and/or device 'xc7a100t'


Starting Routing Task
INFO: [Route 35-254] Multithreading enabled for route_design using a maximum of 2 CPUs

Phase 1 Build RT Design
Checksum: PlaceDB: 9815cc6c ConstDB: 0 ShapeSum: 2d969059 RouteDB: b1d25f96
Post Restoration Checksum: NetGraph: 8b1ef397 | NumContArr: 7445da13 | Constraints: c2a8fa9d | Timing: c2a8fa9d
Phase 1 Build RT Design | Checksum: 284b6c2e4

Time (s): cpu = 00:00:31 ; elapsed = 00:00:28 . Memory (MB): peak = 2209.004 ; gain = 94.820

Phase 2 Router Initialization

Phase 2.1 Fix Topology Constraints
Phase 2.1 Fix Topology Constraints | Checksum: 284b6c2e4

Time (s): cpu = 00:00:31 ; elapsed = 00:00:28 . Memory (MB): peak = 2209.004 ; gain = 94.820

Phase 2.2 Pre Route Cleanup
Phase 2.2 Pre Route Cleanup | Checksum: 284b6c2e4

Time (s): cpu = 00:00:31 ; elapsed = 00:00:28 . Memory (MB): peak = 2209.004 ; gain = 94.820
 Number of Nodes with overlaps = 0

Phase 2.3 Update Timing
Phase 2.3 Update Timing | Checksum: 1cfef40c2

Time (s): cpu = 00:00:31 ; elapsed = 00:00:28 . Memory (MB): peak = 2246.363 ; gain = 132.180
INFO: [Route 35-416] Intermediate Timing Summary | WNS=1.763  | TNS=0.000  | WHS=-0.464 | THS=-12.061|


Phase 2.4 Soft Constraint Pins - Fast Budgeting
Phase 2.4 Soft Constraint Pins - Fast Budgeting | Checksum: 1e5c1be91

Time (s): cpu = 00:00:31 ; elapsed = 00:00:28 . Memory (MB): peak = 2270.406 ; gain = 156.223

Router Utilization Summary
  Global Vertical Routing Utilization    = 0 %
  Global Horizontal Routing Utilization  = 0 %
  Routable Net Status*
  *Does not include unroutable nets such as driverless and loadless.
  Run report_route_status for detailed report.
  Number of Failed Nets               = 543
    (Failed Nets is the sum of unrouted and partially routed nets)
  Number of Unrouted Nets             = 543
  Number of Partially Routed Nets     = 0
  Number of Node Overlaps             = 0

Phase 2 Router Initialization | Checksum: 2101fe9c4

Time (s): cpu = 00:00:31 ; elapsed = 00:00:28 . Memory (MB): peak = 2270.406 ; gain = 156.223

Phase 3 Global Routing
Phase 3 Global Routing | Checksum: 2101fe9c4

Time (s): cpu = 00:00:31 ; elapsed = 00:00:28 . Memory (MB): peak = 2270.406 ; gain = 156.223

Phase 4 Initial Routing

Phase 4.1 Initial Net Routing Pass
Phase 4.1 Initial Net Routing Pass | Checksum: 2705aa565

Time (s): cpu = 00:00:32 ; elapsed = 00:00:28 . Memory (MB): peak = 2270.406 ; gain = 156.223
Phase 4 Initial Routing | Checksum: 2705aa565

Time (s): cpu = 00:00:32 ; elapsed = 00:00:28 . Memory (MB): peak = 2270.406 ; gain = 156.223

Phase 5 Rip-up And Reroute

Phase 5.1 Global Iteration 0
 Number of Nodes with overlaps = 89
 Number of Nodes with overlaps = 9
 Number of Nodes with overlaps = 3
 Number of Nodes with overlaps = 0
INFO: [Route 35-416] Intermediate Timing Summary | WNS=1.226  | TNS=0.000  | WHS=N/A    | THS=N/A    |

Phase 5.1 Global Iteration 0 | Checksum: 21d459bce

Time (s): cpu = 00:00:32 ; elapsed = 00:00:29 . Memory (MB): peak = 2270.406 ; gain = 156.223

Phase 5.2 Global Iteration 1
 Number of Nodes with overlaps = 1
 Number of Nodes with overlaps = 0
INFO: [Route 35-416] Intermediate Timing Summary | WNS=1.226  | TNS=0.000  | WHS=N/A    | THS=N/A    |

Phase 5.2 Global Iteration 1 | Checksum: 28e9497ac

Time (s): cpu = 00:00:32 ; elapsed = 00:00:29 . Memory (MB): peak = 2270.406 ; gain = 156.223
Phase 5 Rip-up And Reroute | Checksum: 28e9497ac

Time (s): cpu = 00:00:32 ; elapsed = 00:00:29 . Memory (MB): peak = 2270.406 ; gain = 156.223

Phase 6 Delay and Skew Optimization

Phase 6.1 Delay CleanUp
Phase 6.1 Delay CleanUp | Checksum: 28e9497ac

Time (s): cpu = 00:00:32 ; elapsed = 00:00:29 . Memory (MB): peak = 2270.406 ; gain = 156.223

Phase 6.2 Clock Skew Optimization
Phase 6.2 Clock Skew Optimization | Checksum: 28e9497ac

Time (s): cpu = 00:00:32 ; elapsed = 00:00:29 . Memory (MB): peak = 2270.406 ; gain = 156.223
Phase 6 Delay and Skew Optimization | Checksum: 28e9497ac

Time (s): cpu = 00:00:32 ; elapsed = 00:00:29 . Memory (MB): peak = 2270.406 ; gain = 156.223

Phase 7 Post Hold Fix

Phase 7.1 Hold Fix Iter
INFO: [Route 35-416] Intermediate Timing Summary | WNS=1.306  | TNS=0.000  | WHS=0.106  | THS=0.000  |

Phase 7.1 Hold Fix Iter | Checksum: 22a98eacb

Time (s): cpu = 00:00:32 ; elapsed = 00:00:29 . Memory (MB): peak = 2270.406 ; gain = 156.223
Phase 7 Post Hold Fix | Checksum: 22a98eacb

Time (s): cpu = 00:00:32 ; elapsed = 00:00:29 . Memory (MB): peak = 2270.406 ; gain = 156.223

Phase 8 Route finalize

Router Utilization Summary
  Global Vertical Routing Utilization    = 0.0610175 %
  Global Horizontal Routing Utilization  = 0.0881642 %
  Routable Net Status*
  *Does not include unroutable nets such as driverless and loadless.
  Run report_route_status for detailed report.
  Number of Failed Nets               = 0
    (Failed Nets is the sum of unrouted and partially routed nets)
  Number of Unrouted Nets             = 0
  Number of Partially Routed Nets     = 0
  Number of Node Overlaps             = 0

Phase 8 Route finalize | Checksum: 22a98eacb

Time (s): cpu = 00:00:32 ; elapsed = 00:00:29 . Memory (MB): peak = 2270.406 ; gain = 156.223

Phase 9 Verifying routed nets

 Verification completed successfully
Phase 9 Verifying routed nets | Checksum: 22a98eacb

Time (s): cpu = 00:00:32 ; elapsed = 00:00:29 . Memory (MB): peak = 2270.406 ; gain = 156.223

Phase 10 Depositing Routes
Phase 10 Depositing Routes | Checksum: 23bdf8ab0

Time (s): cpu = 00:00:32 ; elapsed = 00:00:29 . Memory (MB): peak = 2270.406 ; gain = 156.223

Phase 11 Post Process Routing
Phase 11 Post Process Routing | Checksum: 23bdf8ab0

Time (s): cpu = 00:00:32 ; elapsed = 00:00:29 . Memory (MB): peak = 2270.406 ; gain = 156.223

Phase 12 Post Router Timing
INFO: [Route 35-57] Estimated Timing Summary | WNS=1.306  | TNS=0.000  | WHS=0.106  | THS=0.000  |

INFO: [Route 35-327] The final timing numbers are based on the router estimated timing analysis. For a complete and accurate timing signoff, please run report_timing_summary.
Phase 12 Post Router Timing | Checksum: 23bdf8ab0

Time (s): cpu = 00:00:32 ; elapsed = 00:00:29 . Memory (MB): peak = 2270.406 ; gain = 156.223
Total Elapsed time in route_design: 28.747 secs

Phase 13 Post-Route Event Processing
Phase 13 Post-Route Event Processing | Checksum: bbb4e844

Time (s): cpu = 00:00:32 ; elapsed = 00:00:29 . Memory (MB): peak = 2270.406 ; gain = 156.223
INFO: [Route 35-16] Router Completed Successfully
Ending Routing Task | Checksum: bbb4e844

Time (s): cpu = 00:00:32 ; elapsed = 00:00:29 . Memory (MB): peak = 2270.406 ; gain = 156.223

Routing Is Done.
INFO: [Common 17-83] Releasing license: Implementation
120 Infos, 3 Warnings, 0 Critical Warnings and 0 Errors encountered.
route_design completed successfully
route_design: Time (s): cpu = 00:00:32 ; elapsed = 00:00:29 . Memory (MB): peak = 2270.406 ; gain = 156.223
INFO: [Vivado 12-24828] Executing command : report_drc -file design_1_wrapper_drc_routed.rpt -pb design_1_wrapper_drc_routed.pb -rpx design_1_wrapper_drc_routed.rpx
Command: report_drc -file design_1_wrapper_drc_routed.rpt -pb design_1_wrapper_drc_routed.pb -rpx design_1_wrapper_drc_routed.rpx
INFO: [IP_Flow 19-1839] IP Catalog is up to date.
INFO: [DRC 23-27] Running DRC with 2 threads
INFO: [Vivado_Tcl 2-168] The results of DRC are in file C:/Users/diego/OneDrive/Escritorio/tesis_de_mierda/tesis_de_mierda.runs/impl_1/design_1_wrapper_drc_routed.rpt.
report_drc completed successfully
INFO: [Vivado 12-24828] Executing command : report_methodology -file design_1_wrapper_methodology_drc_routed.rpt -pb design_1_wrapper_methodology_drc_routed.pb -rpx design_1_wrapper_methodology_drc_routed.rpx
Command: report_methodology -file design_1_wrapper_methodology_drc_routed.rpt -pb design_1_wrapper_methodology_drc_routed.pb -rpx design_1_wrapper_methodology_drc_routed.rpx
INFO: [Timing 38-35] Done setting XDC timing constraints.
INFO: [DRC 23-133] Running Methodology with 2 threads
INFO: [Vivado_Tcl 2-1520] The results of Report Methodology are in file C:/Users/diego/OneDrive/Escritorio/tesis_de_mierda/tesis_de_mierda.runs/impl_1/design_1_wrapper_methodology_drc_routed.rpt.
report_methodology completed successfully
INFO: [Vivado 12-24828] Executing command : report_timing_summary -max_paths 10 -routable_nets -report_unconstrained -file design_1_wrapper_timing_summary_routed.rpt -pb design_1_wrapper_timing_summary_routed.pb -rpx design_1_wrapper_timing_summary_routed.rpx -warn_on_violation 
INFO: [Timing 38-35] Done setting XDC timing constraints.
INFO: [Timing 38-91] UpdateTimingParams: Speed grade: -1, Delay Type: min_max.
INFO: [Timing 38-191] Multithreading enabled for timing update using a maximum of 2 CPUs
INFO: [Vivado 12-24838] Running report commands "report_incremental_reuse, report_route_status" in parallel.
Running report generation with 2 threads.
INFO: [Vivado 12-24828] Executing command : report_incremental_reuse -file design_1_wrapper_incremental_reuse_routed.rpt
INFO: [Vivado_Tcl 4-1062] Incremental flow is disabled. No incremental reuse Info to report.
INFO: [Vivado 12-24828] Executing command : report_route_status -file design_1_wrapper_route_status.rpt -pb design_1_wrapper_route_status.pb
INFO: [Vivado 12-24828] Executing command : report_power -file design_1_wrapper_power_routed.rpt -pb design_1_wrapper_power_summary_routed.pb -rpx design_1_wrapper_power_routed.rpx
Command: report_power -file design_1_wrapper_power_routed.rpt -pb design_1_wrapper_power_summary_routed.pb -rpx design_1_wrapper_power_routed.rpx
Running Vector-less Activity Propagation...

Finished Running Vector-less Activity Propagation
137 Infos, 3 Warnings, 0 Critical Warnings and 0 Errors encountered.
report_power completed successfully
INFO: [Vivado 12-24828] Executing command : report_clock_utilization -file design_1_wrapper_clock_utilization_routed.rpt
INFO: [Vivado 12-24828] Executing command : report_bus_skew -warn_on_violation -file design_1_wrapper_bus_skew_routed.rpt -pb design_1_wrapper_bus_skew_routed.pb -rpx design_1_wrapper_bus_skew_routed.rpx
INFO: [Timing 38-91] UpdateTimingParams: Speed grade: -1, Delay Type: min_max.
INFO: [Timing 38-191] Multithreading enabled for timing update using a maximum of 2 CPUs
INFO: [Timing 38-480] Writing timing data to binary archive.
Write ShapeDB Complete: Time (s): cpu = 00:00:00 ; elapsed = 00:00:00.002 . Memory (MB): peak = 2293.656 ; gain = 0.000
Wrote PlaceDB: Time (s): cpu = 00:00:00 ; elapsed = 00:00:00.031 . Memory (MB): peak = 2293.656 ; gain = 0.000
Wrote PulsedLatchDB: Time (s): cpu = 00:00:00 ; elapsed = 00:00:00 . Memory (MB): peak = 2293.656 ; gain = 0.000
Writing XDEF routing.
Writing XDEF routing logical nets.
Writing XDEF routing special nets.
Wrote RouteStorage: Time (s): cpu = 00:00:00 ; elapsed = 00:00:00.016 . Memory (MB): peak = 2293.656 ; gain = 0.000
Wrote Netlist Cache: Time (s): cpu = 00:00:00 ; elapsed = 00:00:00.001 . Memory (MB): peak = 2293.656 ; gain = 0.000
Wrote Device Cache: Time (s): cpu = 00:00:00 ; elapsed = 00:00:00.004 . Memory (MB): peak = 2293.656 ; gain = 0.000
Write Physdb Complete: Time (s): cpu = 00:00:00 ; elapsed = 00:00:00.058 . Memory (MB): peak = 2293.656 ; gain = 0.000
INFO: [Common 17-1381] The checkpoint 'C:/Users/diego/OneDrive/Escritorio/tesis_de_mierda/tesis_de_mierda.runs/impl_1/design_1_wrapper_routed.dcp' has been generated.
Command: write_bitstream -force design_1_wrapper.bit
Attempting to get a license for feature 'Implementation' and/or device 'xc7a100t'
INFO: [Common 17-349] Got license for feature 'Implementation' and/or device 'xc7a100t'
Running DRC as a precondition to command write_bitstream
INFO: [IP_Flow 19-1839] IP Catalog is up to date.
INFO: [DRC 23-27] Running DRC with 2 threads
INFO: [Vivado 12-3199] DRC finished with 0 Errors
INFO: [Vivado 12-3200] Please refer to the DRC report (report_drc) for more information.
INFO: [Designutils 20-2272] Running write_bitstream with 2 threads.
Loading data files...
Loading site data...
Loading route data...
Processing options...
Creating bitmap...
Creating bitstream...
Writing bitstream ./design_1_wrapper.bit...
INFO: [Vivado 12-1842] Bitgen Completed Successfully.
INFO: [Project 1-1876] WebTalk data collection is mandatory when using a ULT device. To see the specific WebTalk data collected for your design, open the usage_statistics_webtalk.html or usage_statistics_webtalk.xml file in the implementation directory.
INFO: [Common 17-83] Releasing license: Implementation
152 Infos, 3 Warnings, 0 Critical Warnings and 0 Errors encountered.
write_bitstream completed successfully
write_bitstream: Time (s): cpu = 00:00:12 ; elapsed = 00:00:09 . Memory (MB): peak = 2796.625 ; gain = 502.969
INFO: [Common 17-206] Exiting Vivado at Tue Jul 29 00:28:03 2025...
